<?xml version="1.0" encoding="UTF-8"?>
<!-- Generated by org.testng.reporters.JUnitReportReporter -->
<testsuite hostname="DESKTOP-TL9ALR0" failures="0" tests="11" name="StepDefinitions.ParallelRun" time="723.974" errors="0" timestamp="04 Jun 2021 17:59:05 GMT" skipped="0">
  <testcase classname="StepDefinitions.ParallelRun" name="runScenario" time="71.023"/>
  <testcase classname="StepDefinitions.ParallelRun" name="runScenario" time="27.550"/>
  <testcase classname="StepDefinitions.ParallelRun" name="runScenario" time="70.979"/>
  <testcase classname="StepDefinitions.ParallelRun" name="runScenario" time="72.429"/>
  <testcase classname="StepDefinitions.ParallelRun" name="runScenario" time="72.479"/>
  <testcase classname="StepDefinitions.ParallelRun" name="runScenario" time="54.943"/>
  <testcase classname="StepDefinitions.ParallelRun" name="runScenario" time="72.071"/>
  <testcase classname="StepDefinitions.ParallelRun" name="runScenario" time="69.901"/>
  <testcase classname="StepDefinitions.ParallelRun" name="runScenario" time="70.620"/>
  <testcase classname="StepDefinitions.ParallelRun" name="runScenario" time="69.956"/>
  <testcase classname="StepDefinitions.ParallelRun" name="runScenario" time="72.023"/>
</testsuite> <!-- StepDefinitions.ParallelRun -->
